<?xml version="1.0" encoding="UTF-8"?>
<robot generator="Robot 7.1 (Python 3.12.7 on win32)" generated="2024-10-11T12:40:10.359698" rpa="false" schemaversion="5">
<suite id="s1" name="Homework" source="C:\xampp\htdocs\xampp\javascript\RobotHomework\homework.robot">
<test id="s1-t1" name="E" line="10">
<kw name="Test case">
<kw name="Set Variable" owner="BuiltIn">
<msg time="2024-10-11T12:40:10.411258" level="INFO">${USER_CSV_FILE} = /Users/Jedit/Documents/CAMT_robot/homework/E.csv</msg>
<var>${USER_CSV_FILE}</var>
<arg>${userCSV}</arg>
<doc>Returns the given values which can then be assigned to a variables.</doc>
<status status="PASS" start="2024-10-11T12:40:10.411258" elapsed="0.000000"/>
</kw>
<kw name="Read Csv File To Associative">
<msg time="2024-10-11T12:40:10.412258" level="FAIL">No keyword with name 'Read Csv File To Associative' found.</msg>
<var>${USER_DATA_CSV}</var>
<arg>${USER_CSV_FILE}</arg>
<status status="FAIL" start="2024-10-11T12:40:10.412258" elapsed="0.000000">No keyword with name 'Read Csv File To Associative' found.</status>
</kw>
<kw name="Set Variable" owner="BuiltIn">
<var>${user}</var>
<arg>${USER_DATA_CSV}[0]</arg>
<doc>Returns the given values which can then be assigned to a variables.</doc>
<status status="NOT RUN" start="2024-10-11T12:40:10.412258" elapsed="0.000000"/>
</kw>
<kw name="Open Browser">
<arg>${url}</arg>
<arg>${browser}</arg>
<status status="NOT RUN" start="2024-10-11T12:40:10.413258" elapsed="0.000000"/>
</kw>
<kw name="Verify Login page">
<status status="NOT RUN" start="2024-10-11T12:40:10.413258" elapsed="0.000000"/>
</kw>
<kw name="Input Text">
<arg>//*[@id="user-name"]</arg>
<arg>${user}[username]</arg>
<status status="NOT RUN" start="2024-10-11T12:40:10.413258" elapsed="0.000000"/>
</kw>
<kw name="Input Text">
<arg>//*[@id="password"]</arg>
<arg>${user}[password]</arg>
<status status="NOT RUN" start="2024-10-11T12:40:10.413258" elapsed="0.000000"/>
</kw>
<kw name="Click Button">
<arg>//*[@id="login-button"]</arg>
<status status="NOT RUN" start="2024-10-11T12:40:10.413258" elapsed="0.000000"/>
</kw>
<kw name="Verify Shopping Page">
<status status="NOT RUN" start="2024-10-11T12:40:10.413258" elapsed="0.000000"/>
</kw>
<kw name="Add to cart">
<arg>${products.p1}</arg>
<status status="NOT RUN" start="2024-10-11T12:40:10.413258" elapsed="0.000000"/>
</kw>
<kw name="Add to cart">
<arg>${products.p3}</arg>
<status status="NOT RUN" start="2024-10-11T12:40:10.413258" elapsed="0.000000"/>
</kw>
<kw name="Add to cart">
<arg>${products.p6}</arg>
<status status="NOT RUN" start="2024-10-11T12:40:10.414258" elapsed="0.000000"/>
</kw>
<kw name="Click Element">
<arg>//a[@class="shopping_cart_link fa-layers fa-fw"]</arg>
<status status="NOT RUN" start="2024-10-11T12:40:10.414258" elapsed="0.000000"/>
</kw>
<kw name="Verify Cart page">
<status status="NOT RUN" start="2024-10-11T12:40:10.414258" elapsed="0.000000"/>
</kw>
<kw name="Click Element">
<arg>//a[contains(text(),"CHECKOUT")]</arg>
<status status="NOT RUN" start="2024-10-11T12:40:10.414258" elapsed="0.000000"/>
</kw>
<kw name="Verify Checkout page">
<status status="NOT RUN" start="2024-10-11T12:40:10.414258" elapsed="0.000000"/>
</kw>
<kw name="Input Text">
<arg>//*[@id="first-name"]</arg>
<arg>${user}[fname]</arg>
<status status="NOT RUN" start="2024-10-11T12:40:10.414258" elapsed="0.000000"/>
</kw>
<kw name="Input Text">
<arg>//*[@id="last-name"]</arg>
<arg>${user}[lname]</arg>
<status status="NOT RUN" start="2024-10-11T12:40:10.414258" elapsed="0.000000"/>
</kw>
<kw name="Input Text">
<arg>//*[@id="postal-code"]</arg>
<arg>00001</arg>
<status status="NOT RUN" start="2024-10-11T12:40:10.414258" elapsed="0.000000"/>
</kw>
<kw name="Click Element">
<arg>//input[@value="CONTINUE"]</arg>
<status status="NOT RUN" start="2024-10-11T12:40:10.414258" elapsed="0.000000"/>
</kw>
<kw name="Verify Preview page">
<status status="NOT RUN" start="2024-10-11T12:40:10.414258" elapsed="0.000000"/>
</kw>
<kw name="Click Element">
<arg>//a[contains(text(),"FINISH")]</arg>
<status status="NOT RUN" start="2024-10-11T12:40:10.415258" elapsed="0.000000"/>
</kw>
<kw name="Verify Finish page">
<status status="NOT RUN" start="2024-10-11T12:40:10.415258" elapsed="0.000000"/>
</kw>
<kw name="Wait Until Element Is Visible">
<arg>//h2[contains(text(),"THANK YOU FOR YOUR ORDER")]</arg>
<arg>timeout=5s</arg>
<status status="NOT RUN" start="2024-10-11T12:40:10.415258" elapsed="0.000000"/>
</kw>
<arg>/Users/Jedit/Documents/CAMT_robot/homework/E.csv</arg>
<status status="FAIL" start="2024-10-11T12:40:10.411258" elapsed="0.004000">No keyword with name 'Read Csv File To Associative' found.</status>
</kw>
<status status="FAIL" start="2024-10-11T12:40:10.410258" elapsed="0.005000">No keyword with name 'Read Csv File To Associative' found.</status>
</test>
<status status="FAIL" start="2024-10-11T12:40:10.361699" elapsed="0.054559"/>
</suite>
<statistics>
<total>
<stat pass="0" fail="1" skip="0">All Tests</stat>
</total>
<tag>
</tag>
<suite>
<stat pass="0" fail="1" skip="0" id="s1" name="Homework">Homework</stat>
</suite>
</statistics>
<errors>
<msg time="2024-10-11T12:40:10.406257" level="ERROR">Error in file 'C:\xampp\htdocs\xampp\javascript\RobotHomework\homework.robot' on line 2: Resource file 'C:xampphtdocsxamppjavascriptRobotHomeworkimport.resource' does not exist.</msg>
<msg time="2024-10-11T12:40:10.408260" level="ERROR">Error in file 'C:\xampp\htdocs\xampp\javascript\RobotHomework\homework.robot' on line 3: Variable file 'C:xampphtdocsxamppjavascriptRobotHomeworkEEEEEEEEDATA.yml' does not exist.</msg>
<msg time="2024-10-11T12:40:10.409261" level="ERROR">Error in file 'C:\xampp\htdocs\xampp\javascript\RobotHomework\homework.robot' on line 4: Variable file 'C:xampphtdocsxamppjavascriptRobotHomeworkprice.yml' does not exist.</msg>
</errors>
</robot>
